Arguments: 
  E:\node.exe C:\Users\MACHENIKE\AppData\Roaming\npm\node_modules\yarn\bin\yarn.js add babel-core babel-preset-env css-loader less less-loader style-loader webpack webpack-cli webpack-dev-serverhtml-webpack-plugin file-loader extract-text-webpack-plugin

PATH: 
  C:\Program Files (x86)\Intel\iCLS Client\;C:\Program Files\Intel\iCLS Client\;C:\Windows\system32;C:\Windows;C:\Windows\System32\Wbem;C:\Windows\System32\WindowsPowerShell\v1.0\;C:\Program Files\Intel\WiFi\bin\;C:\Program Files\Common Files\Intel\WirelessCommon\;C:\Program Files (x86)\Intel\Intel(R) Management Engine Components\DAL;C:\Program Files\Intel\Intel(R) Management Engine Components\DAL;C:\Program Files (x86)\Intel\Intel(R) Management Engine Components\IPT;C:\Program Files\Intel\Intel(R) Management Engine Components\IPT;C:\Program Files (x86)\NVIDIA Corporation\PhysX\Common;C:\WINDOWS\system32;C:\WINDOWS;C:\WINDOWS\System32\Wbem;C:\WINDOWS\System32\WindowsPowerShell\v1.0\;C:\WINDOWS\System32\OpenSSH\;E:\;C:\Program Files\Git\cmd;C:\Users\MACHENIKE\AppData\Local\Microsoft\WindowsApps;C:\Program Files\Intel\WiFi\bin\;C:\Program Files\Common Files\Intel\WirelessCommon\;;E:\Microsoft VS Code\bin;C:\Users\MACHENIKE\AppData\Roaming\npm

Yarn version: 
  1.16.0

Node version: 
  10.15.3

Platform: 
  win32 x64

Trace: 
  Error: https://registry.yarnpkg.com/webpack-dev-serverhtml-webpack-plugin: Not found
      at Request.params.callback [as _callback] (C:\Users\MACHENIKE\AppData\Roaming\npm\node_modules\yarn\lib\cli.js:66091:18)
      at Request.self.callback (C:\Users\MACHENIKE\AppData\Roaming\npm\node_modules\yarn\lib\cli.js:129590:22)
      at Request.emit (events.js:189:13)
      at Request.<anonymous> (C:\Users\MACHENIKE\AppData\Roaming\npm\node_modules\yarn\lib\cli.js:130562:10)
      at Request.emit (events.js:189:13)
      at IncomingMessage.<anonymous> (C:\Users\MACHENIKE\AppData\Roaming\npm\node_modules\yarn\lib\cli.js:130484:12)
      at Object.onceWrapper (events.js:277:13)
      at IncomingMessage.emit (events.js:194:15)
      at endReadableNT (_stream_readable.js:1125:12)
      at process._tickCallback (internal/process/next_tick.js:63:19)

npm manifest: 
  {
    "name": "demo",
    "version": "1.0.0",
    "description": "- src 是开发目录\r - dist 是生成目录",
    "main": "index.js",
    "scripts": {
      "test": "echo \"Error: no test specified\" && exit 1"
    },
    "keywords": [],
    "author": "",
    "license": "ISC"
  }

yarn manifest: 
  No manifest

Lockfile: 
  No lockfile
